DEPRECATION WARNING: `Rails.application.secrets` is deprecated in favor of `Rails.application.credentials` and will be removed in Rails 7.2. (called from <main> at /home/actimize/Music/survey_app_original/config/environment.rb:5)
DEPRECATION WARNING: `Rails.application.secrets` is deprecated in favor of `Rails.application.credentials` and will be removed in Rails 7.2. (called from <main> at /home/actimize/Music/survey_app_original/config/environment.rb:5)
DEPRECATION WARNING: `Rails.application.secrets` is deprecated in favor of `Rails.application.credentials` and will be removed in Rails 7.2. (called from <main> at /home/actimize/Music/survey_app_original/config/environment.rb:5)
Started GET "/" for ::1 at 2024-07-12 18:56:40 +0530
  [1m[36mActiveRecord::SchemaMigration Load (4.4ms)[0m  [1m[34mSELECT "schema_migrations"."version" FROM "schema_migrations" ORDER BY "schema_migrations"."version" ASC[0m
Processing by HomeController#index as HTML
  Rendering home/index.html.erb
  Rendered home/index.html.erb (Duration: 6.1ms | Allocations: 1854)
Completed 200 OK in 22ms (Views: 13.7ms | ActiveRecord: 0.0ms | Allocations: 9881)


Started GET "/favicon.ico" for ::1 at 2024-07-12 18:56:40 +0530
Processing by HomeController#index as */*
  Parameters: {"path"=>"favicon"}
  Rendering home/index.html.erb
  Rendered home/index.html.erb (Duration: 10.4ms | Allocations: 4248)
Completed 200 OK in 12ms (Views: 11.3ms | ActiveRecord: 0.0ms | Allocations: 4718)


Started POST "/api/auth/login" for ::1 at 2024-07-12 18:56:46 +0530
Processing by Api::AuthenticationController#login as JSON
  Parameters: {"email"=>"m@gmail.com", "password"=>"[FILTERED]"}
Can't verify CSRF token authenticity.
  [1m[36mUser Load (0.9ms)[0m  [1m[34mSELECT "users".* FROM "users" WHERE "users"."email" = $1 LIMIT $2[0m  [["email", "m@gmail.com"], ["LIMIT", 1]]
  ↳ app/controllers/api/authentication_controller.rb:6:in `login'
DEPRECATION WARNING: `Rails.application.secrets` is deprecated in favor of `Rails.application.credentials` and will be removed in Rails 7.2. (called from <class:JsonWebToken> at /home/actimize/Music/survey_app_original/app/lib/json_web_token.rb:2)
Completed 200 OK in 333ms (Views: 0.2ms | ActiveRecord: 16.4ms | Allocations: 119857)


Started GET "/favicon.ico" for ::1 at 2024-07-12 18:56:46 +0530
Processing by HomeController#index as */*
  Parameters: {"path"=>"favicon"}
  Rendering home/index.html.erb
  Rendered home/index.html.erb (Duration: 1.7ms | Allocations: 1184)
Completed 200 OK in 2ms (Views: 2.2ms | ActiveRecord: 0.0ms | Allocations: 1544)


Started GET "/api/voters/search_by_booth_name?booth_name=m" for ::1 at 2024-07-12 18:56:48 +0530
Processing by Api::VotersController#search_by_booth_name as JSON
  Parameters: {"booth_name"=>"m"}
  [1m[36mUser Load (0.3ms)[0m  [1m[34mSELECT "users".* FROM "users" WHERE "users"."id" = $1 LIMIT $2[0m  [["id", 14], ["LIMIT", 1]]
  ↳ app/controllers/application_controller.rb:34:in `authorize_request'
Started GET "/api/voters?booth_name=m&page=1" for ::1 at 2024-07-12 18:56:48 +0530
  [1m[36mVoter Pluck (2.6ms)[0m  [1m[34mSELECT DISTINCT "voters"."booth_name" FROM "voters" WHERE (Lower(booth_name) LIKE '%m%')[0m
  ↳ app/controllers/api/voters_controller.rb:67:in `search_by_booth_name'
Completed 200 OK in 16ms (Views: 0.4ms | ActiveRecord: 4.4ms | Allocations: 5902)


Processing by Api::VotersController#index as JSON
  Parameters: {"booth_name"=>"m", "page"=>"1"}
  [1m[36mUser Load (0.2ms)[0m  [1m[34mSELECT "users".* FROM "users" WHERE "users"."id" = $1 LIMIT $2[0m  [["id", 14], ["LIMIT", 1]]
  ↳ app/controllers/application_controller.rb:34:in `authorize_request'
  [1m[36mVoter Count (0.9ms)[0m  [1m[34mSELECT COUNT(*) FROM "voters" WHERE "voters"."booth_name" = $1[0m  [["booth_name", "m"]]
  ↳ app/controllers/api/voters_controller.rb:18:in `index'
  [1m[36mCACHE Voter Count (0.0ms)[0m  [1m[34mSELECT COUNT(*) FROM "voters" WHERE "voters"."booth_name" = $1[0m  [["booth_name", "m"]]
  ↳ app/controllers/api/voters_controller.rb:20:in `index'
  [1m[36mVoter Load (0.8ms)[0m  [1m[34mSELECT "voters".* FROM "voters" WHERE "voters"."booth_name" = $1 ORDER BY "voters"."id" ASC LIMIT $2 OFFSET $3[0m  [["booth_name", "m"], ["LIMIT", 5], ["OFFSET", 0]]
  ↳ app/controllers/api/voters_controller.rb:21:in `index'
Completed 200 OK in 13ms (Views: 3.5ms | ActiveRecord: 1.8ms | Allocations: 3543)


Started GET "/api/voters?booth_name=S.B.T.S%20Mpl.%20.P.%20Sch%20Ool,Mandapeta&page=1" for ::1 at 2024-07-12 18:56:49 +0530
Processing by Api::VotersController#index as JSON
  Parameters: {"booth_name"=>"S.B.T.S Mpl. .P. Sch Ool,Mandapeta", "page"=>"1"}
  [1m[36mUser Load (0.2ms)[0m  [1m[34mSELECT "users".* FROM "users" WHERE "users"."id" = $1 LIMIT $2[0m  [["id", 14], ["LIMIT", 1]]
  ↳ app/controllers/application_controller.rb:34:in `authorize_request'
  [1m[36mVoter Count (0.5ms)[0m  [1m[34mSELECT COUNT(*) FROM "voters" WHERE "voters"."booth_name" = $1[0m  [["booth_name", "S.B.T.S Mpl. .P. Sch Ool,Mandapeta"]]
  ↳ app/controllers/api/voters_controller.rb:18:in `index'
  [1m[36mCACHE Voter Count (0.0ms)[0m  [1m[34mSELECT COUNT(*) FROM "voters" WHERE "voters"."booth_name" = $1[0m  [["booth_name", "S.B.T.S Mpl. .P. Sch Ool,Mandapeta"]]
  ↳ app/controllers/api/voters_controller.rb:20:in `index'
  [1m[36mVoter Load (0.3ms)[0m  [1m[34mSELECT "voters".* FROM "voters" WHERE "voters"."booth_name" = $1 ORDER BY "voters"."id" ASC LIMIT $2 OFFSET $3[0m  [["booth_name", "S.B.T.S Mpl. .P. Sch Ool,Mandapeta"], ["LIMIT", 5], ["OFFSET", 0]]
  ↳ app/controllers/api/voters_controller.rb:21:in `index'
Completed 200 OK in 67ms (Views: 58.6ms | ActiveRecord: 2.2ms | Allocations: 115853)


Started GET "/LeadData" for ::1 at 2024-07-12 18:59:45 +0530
Processing by HomeController#index as HTML
  Parameters: {"path"=>"LeadData"}
  Rendering home/index.html.erb
  Rendered home/index.html.erb (Duration: 2.0ms | Allocations: 1470)
Completed 200 OK in 5ms (Views: 4.1ms | ActiveRecord: 0.0ms | Allocations: 3092)


Started GET "/favicon.ico" for ::1 at 2024-07-12 18:59:45 +0530
Processing by HomeController#index as */*
  Parameters: {"path"=>"favicon"}
  Rendering home/index.html.erb
  Rendered home/index.html.erb (Duration: 1.0ms | Allocations: 1071)
Completed 200 OK in 2ms (Views: 1.4ms | ActiveRecord: 0.0ms | Allocations: 1494)


Started GET "/api/voters/search_by_booth_name?booth_name=m" for ::1 at 2024-07-12 18:59:48 +0530
Processing by Api::VotersController#search_by_booth_name as JSON
  Parameters: {"booth_name"=>"m"}
DEPRECATION WARNING: `Rails.application.secrets` is deprecated in favor of `Rails.application.credentials` and will be removed in Rails 7.2. (called from <class:JsonWebToken> at /home/actimize/Music/survey_app_original/app/lib/json_web_token.rb:2)
Started GET "/api/voters?booth_name=m&page=1" for ::1 at 2024-07-12 18:59:48 +0530
  [1m[36mUser Load (3.1ms)[0m  [1m[34mSELECT "users".* FROM "users" WHERE "users"."id" = $1 LIMIT $2[0m  [["id", 14], ["LIMIT", 1]]
  ↳ app/controllers/application_controller.rb:34:in `authorize_request'
Processing by Api::VotersController#index as JSON
  Parameters: {"booth_name"=>"m", "page"=>"1"}
  [1m[36mVoter Pluck (2.7ms)[0m  [1m[34mSELECT DISTINCT "voters"."booth_name" FROM "voters" WHERE (Lower(booth_name) LIKE '%m%')[0m
  ↳ app/controllers/api/voters_controller.rb:67:in `search_by_booth_name'
Completed 200 OK in 26ms (Views: 0.2ms | ActiveRecord: 12.0ms | Allocations: 11357)


  [1m[36mUser Load (0.3ms)[0m  [1m[34mSELECT "users".* FROM "users" WHERE "users"."id" = $1 LIMIT $2[0m  [["id", 14], ["LIMIT", 1]]
  ↳ app/controllers/application_controller.rb:34:in `authorize_request'
  [1m[36mVoter Count (1.7ms)[0m  [1m[34mSELECT COUNT(*) FROM "voters" WHERE "voters"."booth_name" = $1[0m  [["booth_name", "m"]]
  ↳ app/controllers/api/voters_controller.rb:18:in `index'
  [1m[36mCACHE Voter Count (0.0ms)[0m  [1m[34mSELECT COUNT(*) FROM "voters" WHERE "voters"."booth_name" = $1[0m  [["booth_name", "m"]]
  ↳ app/controllers/api/voters_controller.rb:20:in `index'
  [1m[36mVoter Load (0.6ms)[0m  [1m[34mSELECT "voters".* FROM "voters" WHERE "voters"."booth_name" = $1 ORDER BY "voters"."id" ASC LIMIT $2 OFFSET $3[0m  [["booth_name", "m"], ["LIMIT", 5], ["OFFSET", 0]]
  ↳ app/controllers/api/voters_controller.rb:21:in `index'
Completed 200 OK in 21ms (Views: 1.8ms | ActiveRecord: 8.0ms | Allocations: 7247)


Started GET "/api/voters?booth_name=S.B.T.S%20Mpl.%20.P.%20Sch%20Ool,Mandapeta&page=1" for ::1 at 2024-07-12 18:59:49 +0530
Processing by Api::VotersController#index as JSON
  Parameters: {"booth_name"=>"S.B.T.S Mpl. .P. Sch Ool,Mandapeta", "page"=>"1"}
  [1m[36mUser Load (0.3ms)[0m  [1m[34mSELECT "users".* FROM "users" WHERE "users"."id" = $1 LIMIT $2[0m  [["id", 14], ["LIMIT", 1]]
  ↳ app/controllers/application_controller.rb:34:in `authorize_request'
  [1m[36mVoter Count (0.5ms)[0m  [1m[34mSELECT COUNT(*) FROM "voters" WHERE "voters"."booth_name" = $1[0m  [["booth_name", "S.B.T.S Mpl. .P. Sch Ool,Mandapeta"]]
  ↳ app/controllers/api/voters_controller.rb:18:in `index'
  [1m[36mCACHE Voter Count (0.0ms)[0m  [1m[34mSELECT COUNT(*) FROM "voters" WHERE "voters"."booth_name" = $1[0m  [["booth_name", "S.B.T.S Mpl. .P. Sch Ool,Mandapeta"]]
  ↳ app/controllers/api/voters_controller.rb:20:in `index'
  [1m[36mVoter Load (0.3ms)[0m  [1m[34mSELECT "voters".* FROM "voters" WHERE "voters"."booth_name" = $1 ORDER BY "voters"."id" ASC LIMIT $2 OFFSET $3[0m  [["booth_name", "S.B.T.S Mpl. .P. Sch Ool,Mandapeta"], ["LIMIT", 5], ["OFFSET", 0]]
  ↳ app/controllers/api/voters_controller.rb:21:in `index'
Completed 200 OK in 30ms (Views: 8.7ms | ActiveRecord: 2.9ms | Allocations: 7928)


Started GET "/LeadData" for ::1 at 2024-07-12 19:00:05 +0530
Processing by HomeController#index as HTML
  Parameters: {"path"=>"LeadData"}
  Rendering home/index.html.erb
  Rendered home/index.html.erb (Duration: 3.2ms | Allocations: 1468)
Completed 200 OK in 9ms (Views: 7.3ms | ActiveRecord: 0.0ms | Allocations: 3090)


Started GET "/favicon.ico" for ::1 at 2024-07-12 19:00:06 +0530
Processing by HomeController#index as */*
  Parameters: {"path"=>"favicon"}
  Rendering home/index.html.erb
  Rendered home/index.html.erb (Duration: 1.3ms | Allocations: 1071)
Completed 200 OK in 2ms (Views: 2.1ms | ActiveRecord: 0.0ms | Allocations: 1492)


Started GET "/api/voters/search_by_booth_name?booth_name=m" for ::1 at 2024-07-12 19:00:08 +0530
Processing by Api::VotersController#search_by_booth_name as JSON
  Parameters: {"booth_name"=>"m"}
DEPRECATION WARNING: `Rails.application.secrets` is deprecated in favor of `Rails.application.credentials` and will be removed in Rails 7.2. (called from <class:JsonWebToken> at /home/actimize/Music/survey_app_original/app/lib/json_web_token.rb:2)
  [1m[36mUser Load (0.2ms)[0m  [1m[34mSELECT "users".* FROM "users" WHERE "users"."id" = $1 LIMIT $2[0m  [["id", 14], ["LIMIT", 1]]
  ↳ app/controllers/application_controller.rb:34:in `authorize_request'
Started GET "/api/voters?booth_name=m&page=1" for ::1 at 2024-07-12 19:00:08 +0530
  [1m[36mVoter Pluck (1.5ms)[0m  [1m[34mSELECT DISTINCT "voters"."booth_name" FROM "voters" WHERE (Lower(booth_name) LIKE '%m%')[0m
  ↳ app/controllers/api/voters_controller.rb:67:in `search_by_booth_name'
Completed 200 OK in 29ms (Views: 0.2ms | ActiveRecord: 12.0ms | Allocations: 9594)


Processing by Api::VotersController#index as JSON
  Parameters: {"booth_name"=>"m", "page"=>"1"}
  [1m[36mUser Load (0.2ms)[0m  [1m[34mSELECT "users".* FROM "users" WHERE "users"."id" = $1 LIMIT $2[0m  [["id", 14], ["LIMIT", 1]]
  ↳ app/controllers/application_controller.rb:34:in `authorize_request'
  [1m[36mVoter Count (0.4ms)[0m  [1m[34mSELECT COUNT(*) FROM "voters" WHERE "voters"."booth_name" = $1[0m  [["booth_name", "m"]]
  ↳ app/controllers/api/voters_controller.rb:18:in `index'
  [1m[36mCACHE Voter Count (0.0ms)[0m  [1m[34mSELECT COUNT(*) FROM "voters" WHERE "voters"."booth_name" = $1[0m  [["booth_name", "m"]]
  ↳ app/controllers/api/voters_controller.rb:20:in `index'
  [1m[36mVoter Load (0.4ms)[0m  [1m[34mSELECT "voters".* FROM "voters" WHERE "voters"."booth_name" = $1 ORDER BY "voters"."id" ASC LIMIT $2 OFFSET $3[0m  [["booth_name", "m"], ["LIMIT", 5], ["OFFSET", 0]]
  ↳ app/controllers/api/voters_controller.rb:21:in `index'
Completed 200 OK in 10ms (Views: 2.0ms | ActiveRecord: 1.0ms | Allocations: 3387)


Started GET "/api/voters?booth_name=S.B.T.S%20Mpl.%20.P.%20Sch%20Ool,Mandapeta&page=1" for ::1 at 2024-07-12 19:00:10 +0530
Processing by Api::VotersController#index as JSON
  Parameters: {"booth_name"=>"S.B.T.S Mpl. .P. Sch Ool,Mandapeta", "page"=>"1"}
  [1m[36mUser Load (0.2ms)[0m  [1m[34mSELECT "users".* FROM "users" WHERE "users"."id" = $1 LIMIT $2[0m  [["id", 14], ["LIMIT", 1]]
  ↳ app/controllers/application_controller.rb:34:in `authorize_request'
  [1m[36mVoter Count (0.4ms)[0m  [1m[34mSELECT COUNT(*) FROM "voters" WHERE "voters"."booth_name" = $1[0m  [["booth_name", "S.B.T.S Mpl. .P. Sch Ool,Mandapeta"]]
  ↳ app/controllers/api/voters_controller.rb:18:in `index'
  [1m[36mCACHE Voter Count (0.0ms)[0m  [1m[34mSELECT COUNT(*) FROM "voters" WHERE "voters"."booth_name" = $1[0m  [["booth_name", "S.B.T.S Mpl. .P. Sch Ool,Mandapeta"]]
  ↳ app/controllers/api/voters_controller.rb:20:in `index'
  [1m[36mVoter Load (0.2ms)[0m  [1m[34mSELECT "voters".* FROM "voters" WHERE "voters"."booth_name" = $1 ORDER BY "voters"."id" ASC LIMIT $2 OFFSET $3[0m  [["booth_name", "S.B.T.S Mpl. .P. Sch Ool,Mandapeta"], ["LIMIT", 5], ["OFFSET", 0]]
  ↳ app/controllers/api/voters_controller.rb:21:in `index'
Completed 200 OK in 15ms (Views: 8.2ms | ActiveRecord: 2.0ms | Allocations: 7905)


Started GET "/LeadData" for ::1 at 2024-07-12 19:00:13 +0530
Processing by HomeController#index as HTML
  Parameters: {"path"=>"LeadData"}
  Rendering home/index.html.erb
  Rendered home/index.html.erb (Duration: 2.2ms | Allocations: 1169)
Completed 200 OK in 4ms (Views: 3.0ms | ActiveRecord: 0.0ms | Allocations: 1514)


Started GET "/favicon.ico" for ::1 at 2024-07-12 19:00:13 +0530
Processing by HomeController#index as */*
  Parameters: {"path"=>"favicon"}
  Rendering home/index.html.erb
  Rendered home/index.html.erb (Duration: 1.2ms | Allocations: 1071)
Completed 200 OK in 2ms (Views: 2.0ms | ActiveRecord: 0.0ms | Allocations: 1396)


Started GET "/favicon.ico" for ::1 at 2024-07-12 19:00:17 +0530
Processing by HomeController#index as */*
  Parameters: {"path"=>"favicon"}
  Rendering home/index.html.erb
  Rendered home/index.html.erb (Duration: 2.4ms | Allocations: 1071)
Completed 200 OK in 5ms (Views: 4.9ms | ActiveRecord: 0.0ms | Allocations: 1396)


Started POST "/api/auth/login" for ::1 at 2024-07-12 19:00:24 +0530
Processing by Api::AuthenticationController#login as JSON
  Parameters: {"email"=>"m@gmail.com", "password"=>"[FILTERED]"}
Can't verify CSRF token authenticity.
  [1m[36mUser Load (0.4ms)[0m  [1m[34mSELECT "users".* FROM "users" WHERE "users"."email" = $1 LIMIT $2[0m  [["email", "m@gmail.com"], ["LIMIT", 1]]
  ↳ app/controllers/api/authentication_controller.rb:6:in `login'
Completed 200 OK in 242ms (Views: 0.3ms | ActiveRecord: 0.4ms | Allocations: 1498)


Started GET "/favicon.ico" for ::1 at 2024-07-12 19:00:25 +0530
Processing by HomeController#index as */*
  Parameters: {"path"=>"favicon"}
  Rendering home/index.html.erb
  Rendered home/index.html.erb (Duration: 3.2ms | Allocations: 1174)
Completed 200 OK in 5ms (Views: 4.3ms | ActiveRecord: 0.0ms | Allocations: 1521)


Started GET "/api/voters/search_by_booth_name?booth_name=m" for ::1 at 2024-07-12 19:00:27 +0530
Processing by Api::VotersController#search_by_booth_name as JSON
  Parameters: {"booth_name"=>"m"}
  [1m[36mUser Load (0.3ms)[0m  [1m[34mSELECT "users".* FROM "users" WHERE "users"."id" = $1 LIMIT $2[0m  [["id", 14], ["LIMIT", 1]]
  ↳ app/controllers/application_controller.rb:34:in `authorize_request'
  [1m[36mVoter Pluck (2.6ms)[0m  [1m[34mSELECT DISTINCT "voters"."booth_name" FROM "voters" WHERE (Lower(booth_name) LIKE '%m%')[0m
  ↳ app/controllers/api/voters_controller.rb:67:in `search_by_booth_name'
Completed 200 OK in 8ms (Views: 0.3ms | ActiveRecord: 2.9ms | Allocations: 1893)


Started GET "/api/voters?booth_name=m&page=1" for ::1 at 2024-07-12 19:00:27 +0530
Processing by Api::VotersController#index as JSON
  Parameters: {"booth_name"=>"m", "page"=>"1"}
  [1m[36mUser Load (0.2ms)[0m  [1m[34mSELECT "users".* FROM "users" WHERE "users"."id" = $1 LIMIT $2[0m  [["id", 14], ["LIMIT", 1]]
  ↳ app/controllers/application_controller.rb:34:in `authorize_request'
  [1m[36mVoter Count (1.7ms)[0m  [1m[34mSELECT COUNT(*) FROM "voters" WHERE "voters"."booth_name" = $1[0m  [["booth_name", "m"]]
  ↳ app/controllers/api/voters_controller.rb:18:in `index'
  [1m[36mCACHE Voter Count (0.0ms)[0m  [1m[34mSELECT COUNT(*) FROM "voters" WHERE "voters"."booth_name" = $1[0m  [["booth_name", "m"]]
  ↳ app/controllers/api/voters_controller.rb:20:in `index'
  [1m[36mVoter Load (1.1ms)[0m  [1m[34mSELECT "voters".* FROM "voters" WHERE "voters"."booth_name" = $1 ORDER BY "voters"."id" ASC LIMIT $2 OFFSET $3[0m  [["booth_name", "m"], ["LIMIT", 5], ["OFFSET", 0]]
  ↳ app/controllers/api/voters_controller.rb:21:in `index'
Completed 200 OK in 15ms (Views: 3.6ms | ActiveRecord: 2.9ms | Allocations: 3248)


Started GET "/api/voters/search_by_booth_name?booth_name=ma" for ::1 at 2024-07-12 19:00:27 +0530
Processing by Api::VotersController#search_by_booth_name as JSON
  Parameters: {"booth_name"=>"ma"}
  [1m[36mUser Load (0.1ms)[0m  [1m[34mSELECT "users".* FROM "users" WHERE "users"."id" = $1 LIMIT $2[0m  [["id", 14], ["LIMIT", 1]]
  ↳ app/controllers/application_controller.rb:34:in `authorize_request'
  [1m[36mVoter Pluck (1.5ms)[0m  [1m[34mSELECT DISTINCT "voters"."booth_name" FROM "voters" WHERE (Lower(booth_name) LIKE '%ma%')[0m
  ↳ app/controllers/api/voters_controller.rb:67:in `search_by_booth_name'
Completed 200 OK in 6ms (Views: 0.2ms | ActiveRecord: 1.6ms | Allocations: 1748)


Started GET "/api/voters?booth_name=ma&page=1" for ::1 at 2024-07-12 19:00:27 +0530
Processing by Api::VotersController#index as JSON
  Parameters: {"booth_name"=>"ma", "page"=>"1"}
  [1m[36mUser Load (0.1ms)[0m  [1m[34mSELECT "users".* FROM "users" WHERE "users"."id" = $1 LIMIT $2[0m  [["id", 14], ["LIMIT", 1]]
  ↳ app/controllers/application_controller.rb:34:in `authorize_request'
  [1m[36mVoter Count (0.6ms)[0m  [1m[34mSELECT COUNT(*) FROM "voters" WHERE "voters"."booth_name" = $1[0m  [["booth_name", "ma"]]
  ↳ app/controllers/api/voters_controller.rb:18:in `index'
  [1m[36mCACHE Voter Count (0.0ms)[0m  [1m[34mSELECT COUNT(*) FROM "voters" WHERE "voters"."booth_name" = $1[0m  [["booth_name", "ma"]]
  ↳ app/controllers/api/voters_controller.rb:20:in `index'
  [1m[36mVoter Load (2.8ms)[0m  [1m[34mSELECT "voters".* FROM "voters" WHERE "voters"."booth_name" = $1 ORDER BY "voters"."id" ASC LIMIT $2 OFFSET $3[0m  [["booth_name", "ma"], ["LIMIT", 5], ["OFFSET", 0]]
  ↳ app/controllers/api/voters_controller.rb:21:in `index'
Completed 200 OK in 13ms (Views: 2.7ms | ActiveRecord: 3.6ms | Allocations: 3213)


Started GET "/api/voters?booth_name=M.P.P.P.School,%20A.A,Machavaram&page=1" for ::1 at 2024-07-12 19:00:28 +0530
Processing by Api::VotersController#index as JSON
  Parameters: {"booth_name"=>"M.P.P.P.School, A.A,Machavaram", "page"=>"1"}
  [1m[36mUser Load (0.2ms)[0m  [1m[34mSELECT "users".* FROM "users" WHERE "users"."id" = $1 LIMIT $2[0m  [["id", 14], ["LIMIT", 1]]
  ↳ app/controllers/application_controller.rb:34:in `authorize_request'
  [1m[36mVoter Count (0.7ms)[0m  [1m[34mSELECT COUNT(*) FROM "voters" WHERE "voters"."booth_name" = $1[0m  [["booth_name", "M.P.P.P.School, A.A,Machavaram"]]
  ↳ app/controllers/api/voters_controller.rb:18:in `index'
  [1m[36mCACHE Voter Count (0.0ms)[0m  [1m[34mSELECT COUNT(*) FROM "voters" WHERE "voters"."booth_name" = $1[0m  [["booth_name", "M.P.P.P.School, A.A,Machavaram"]]
  ↳ app/controllers/api/voters_controller.rb:20:in `index'
  [1m[36mVoter Load (0.3ms)[0m  [1m[34mSELECT "voters".* FROM "voters" WHERE "voters"."booth_name" = $1 ORDER BY "voters"."id" ASC LIMIT $2 OFFSET $3[0m  [["booth_name", "M.P.P.P.School, A.A,Machavaram"], ["LIMIT", 5], ["OFFSET", 0]]
  ↳ app/controllers/api/voters_controller.rb:21:in `index'
Completed 200 OK in 9ms (Views: 2.1ms | ActiveRecord: 1.2ms | Allocations: 3574)


Started GET "/LeadData" for ::1 at 2024-07-12 19:01:16 +0530
Processing by HomeController#index as HTML
  Parameters: {"path"=>"LeadData"}
  Rendering home/index.html.erb
  Rendered home/index.html.erb (Duration: 1.4ms | Allocations: 1071)
Completed 200 OK in 2ms (Views: 2.2ms | ActiveRecord: 0.0ms | Allocations: 1393)


Started GET "/favicon.ico" for ::1 at 2024-07-12 19:01:17 +0530
Processing by HomeController#index as */*
  Parameters: {"path"=>"favicon"}
  Rendering home/index.html.erb
  Rendered home/index.html.erb (Duration: 1.6ms | Allocations: 1071)
Completed 200 OK in 3ms (Views: 2.3ms | ActiveRecord: 0.0ms | Allocations: 1396)


Started GET "/api/voters/search_by_booth_name?booth_name=m" for ::1 at 2024-07-12 19:01:19 +0530
Processing by Api::VotersController#search_by_booth_name as JSON
  Parameters: {"booth_name"=>"m"}
  [1m[36mUser Load (0.1ms)[0m  [1m[34mSELECT "users".* FROM "users" WHERE "users"."id" = $1 LIMIT $2[0m  [["id", 14], ["LIMIT", 1]]
  ↳ app/controllers/application_controller.rb:34:in `authorize_request'
  [1m[36mVoter Pluck (1.3ms)[0m  [1m[34mSELECT DISTINCT "voters"."booth_name" FROM "voters" WHERE (Lower(booth_name) LIKE '%m%')[0m
  ↳ app/controllers/api/voters_controller.rb:67:in `search_by_booth_name'
Completed 200 OK in 6ms (Views: 0.2ms | ActiveRecord: 1.4ms | Allocations: 1793)


Started GET "/api/voters?booth_name=m&page=1" for ::1 at 2024-07-12 19:01:19 +0530
Processing by Api::VotersController#index as JSON
  Parameters: {"booth_name"=>"m", "page"=>"1"}
  [1m[36mUser Load (0.2ms)[0m  [1m[34mSELECT "users".* FROM "users" WHERE "users"."id" = $1 LIMIT $2[0m  [["id", 14], ["LIMIT", 1]]
  ↳ app/controllers/application_controller.rb:34:in `authorize_request'
  [1m[36mVoter Count (0.4ms)[0m  [1m[34mSELECT COUNT(*) FROM "voters" WHERE "voters"."booth_name" = $1[0m  [["booth_name", "m"]]
  ↳ app/controllers/api/voters_controller.rb:18:in `index'
  [1m[36mCACHE Voter Count (0.0ms)[0m  [1m[34mSELECT COUNT(*) FROM "voters" WHERE "voters"."booth_name" = $1[0m  [["booth_name", "m"]]
  ↳ app/controllers/api/voters_controller.rb:20:in `index'
  [1m[36mVoter Load (0.5ms)[0m  [1m[34mSELECT "voters".* FROM "voters" WHERE "voters"."booth_name" = $1 ORDER BY "voters"."id" ASC LIMIT $2 OFFSET $3[0m  [["booth_name", "m"], ["LIMIT", 5], ["OFFSET", 0]]
  ↳ app/controllers/api/voters_controller.rb:21:in `index'
Completed 200 OK in 12ms (Views: 2.5ms | ActiveRecord: 1.1ms | Allocations: 3213)


Started GET "/api/voters?booth_name=S.B.T.S%20Mpl.%20.P.%20Sch%20Ool,Mandapeta&page=1" for ::1 at 2024-07-12 19:01:20 +0530
Processing by Api::VotersController#index as JSON
  Parameters: {"booth_name"=>"S.B.T.S Mpl. .P. Sch Ool,Mandapeta", "page"=>"1"}
  [1m[36mUser Load (0.2ms)[0m  [1m[34mSELECT "users".* FROM "users" WHERE "users"."id" = $1 LIMIT $2[0m  [["id", 14], ["LIMIT", 1]]
  ↳ app/controllers/application_controller.rb:34:in `authorize_request'
  [1m[36mVoter Count (0.5ms)[0m  [1m[34mSELECT COUNT(*) FROM "voters" WHERE "voters"."booth_name" = $1[0m  [["booth_name", "S.B.T.S Mpl. .P. Sch Ool,Mandapeta"]]
  ↳ app/controllers/api/voters_controller.rb:18:in `index'
  [1m[36mCACHE Voter Count (0.0ms)[0m  [1m[34mSELECT COUNT(*) FROM "voters" WHERE "voters"."booth_name" = $1[0m  [["booth_name", "S.B.T.S Mpl. .P. Sch Ool,Mandapeta"]]
  ↳ app/controllers/api/voters_controller.rb:20:in `index'
  [1m[36mVoter Load (0.2ms)[0m  [1m[34mSELECT "voters".* FROM "voters" WHERE "voters"."booth_name" = $1 ORDER BY "voters"."id" ASC LIMIT $2 OFFSET $3[0m  [["booth_name", "S.B.T.S Mpl. .P. Sch Ool,Mandapeta"], ["LIMIT", 5], ["OFFSET", 0]]
  ↳ app/controllers/api/voters_controller.rb:21:in `index'
Completed 200 OK in 11ms (Views: 2.3ms | ActiveRecord: 0.9ms | Allocations: 3563)


Started GET "/api/voters?booth_name=Mpp%20Primary%20School,Teki&page=1" for ::1 at 2024-07-12 19:01:26 +0530
Processing by Api::VotersController#index as JSON
  Parameters: {"booth_name"=>"Mpp Primary School,Teki", "page"=>"1"}
  [1m[36mUser Load (0.2ms)[0m  [1m[34mSELECT "users".* FROM "users" WHERE "users"."id" = $1 LIMIT $2[0m  [["id", 14], ["LIMIT", 1]]
  ↳ app/controllers/application_controller.rb:34:in `authorize_request'
  [1m[36mVoter Count (0.6ms)[0m  [1m[34mSELECT COUNT(*) FROM "voters" WHERE "voters"."booth_name" = $1[0m  [["booth_name", "Mpp Primary School,Teki"]]
  ↳ app/controllers/api/voters_controller.rb:18:in `index'
  [1m[36mCACHE Voter Count (0.0ms)[0m  [1m[34mSELECT COUNT(*) FROM "voters" WHERE "voters"."booth_name" = $1[0m  [["booth_name", "Mpp Primary School,Teki"]]
  ↳ app/controllers/api/voters_controller.rb:20:in `index'
  [1m[36mVoter Load (1.9ms)[0m  [1m[34mSELECT "voters".* FROM "voters" WHERE "voters"."booth_name" = $1 ORDER BY "voters"."id" ASC LIMIT $2 OFFSET $3[0m  [["booth_name", "Mpp Primary School,Teki"], ["LIMIT", 5], ["OFFSET", 0]]
  ↳ app/controllers/api/voters_controller.rb:21:in `index'
Completed 200 OK in 15ms (Views: 3.9ms | ActiveRecord: 2.6ms | Allocations: 3552)


Started GET "/api/voters?booth_name=M.P.P.U.P.Scho%20Ol,Vadlamuru&page=1" for ::1 at 2024-07-12 19:01:30 +0530
Processing by Api::VotersController#index as JSON
  Parameters: {"booth_name"=>"M.P.P.U.P.Scho Ol,Vadlamuru", "page"=>"1"}
  [1m[36mUser Load (0.2ms)[0m  [1m[34mSELECT "users".* FROM "users" WHERE "users"."id" = $1 LIMIT $2[0m  [["id", 14], ["LIMIT", 1]]
  ↳ app/controllers/application_controller.rb:34:in `authorize_request'
  [1m[36mVoter Count (0.6ms)[0m  [1m[34mSELECT COUNT(*) FROM "voters" WHERE "voters"."booth_name" = $1[0m  [["booth_name", "M.P.P.U.P.Scho Ol,Vadlamuru"]]
  ↳ app/controllers/api/voters_controller.rb:18:in `index'
  [1m[36mCACHE Voter Count (0.0ms)[0m  [1m[34mSELECT COUNT(*) FROM "voters" WHERE "voters"."booth_name" = $1[0m  [["booth_name", "M.P.P.U.P.Scho Ol,Vadlamuru"]]
  ↳ app/controllers/api/voters_controller.rb:20:in `index'
  [1m[36mVoter Load (0.4ms)[0m  [1m[34mSELECT "voters".* FROM "voters" WHERE "voters"."booth_name" = $1 ORDER BY "voters"."id" ASC LIMIT $2 OFFSET $3[0m  [["booth_name", "M.P.P.U.P.Scho Ol,Vadlamuru"], ["LIMIT", 5], ["OFFSET", 0]]
  ↳ app/controllers/api/voters_controller.rb:21:in `index'
Completed 200 OK in 9ms (Views: 2.8ms | ActiveRecord: 1.2ms | Allocations: 3555)


Started GET "/favicon.ico" for ::1 at 2024-07-12 19:01:33 +0530
Processing by HomeController#index as */*
  Parameters: {"path"=>"favicon"}
  Rendering home/index.html.erb
  Rendered home/index.html.erb (Duration: 1.4ms | Allocations: 1071)
Completed 200 OK in 3ms (Views: 2.2ms | ActiveRecord: 0.0ms | Allocations: 1396)


Started POST "/api/auth/login" for ::1 at 2024-07-12 19:01:39 +0530
Processing by Api::AuthenticationController#login as JSON
  Parameters: {"email"=>"t@gmail.com", "password"=>"[FILTERED]"}
Can't verify CSRF token authenticity.
  [1m[36mUser Load (0.9ms)[0m  [1m[34mSELECT "users".* FROM "users" WHERE "users"."email" = $1 LIMIT $2[0m  [["email", "t@gmail.com"], ["LIMIT", 1]]
  ↳ app/controllers/api/authentication_controller.rb:6:in `login'
Completed 200 OK in 267ms (Views: 0.2ms | ActiveRecord: 0.9ms | Allocations: 823)


Started GET "/favicon.ico" for ::1 at 2024-07-12 19:01:39 +0530
Processing by HomeController#index as */*
  Parameters: {"path"=>"favicon"}
  Rendering home/index.html.erb
  Rendered home/index.html.erb (Duration: 1.0ms | Allocations: 1071)
Completed 200 OK in 2ms (Views: 1.4ms | ActiveRecord: 0.0ms | Allocations: 1396)


Started GET "/api/voters/filter_casted_status?casted=false&booth_name=S.B.T.S%20Mpl.%20.P.%20Sch%20Ool,Mandapeta&page=1" for ::1 at 2024-07-12 19:01:42 +0530
Processing by Api::VotersController#filter_casted_status as JSON
  Parameters: {"casted"=>"false", "booth_name"=>"S.B.T.S Mpl. .P. Sch Ool,Mandapeta", "page"=>"1"}
  [1m[36mUser Load (0.2ms)[0m  [1m[34mSELECT "users".* FROM "users" WHERE "users"."id" = $1 LIMIT $2[0m  [["id", 15], ["LIMIT", 1]]
  ↳ app/controllers/application_controller.rb:34:in `authorize_request'
  [1m[36mVoter Count (0.8ms)[0m  [1m[34mSELECT COUNT(*) FROM "voters" WHERE "voters"."booth_name" = $1 AND "voters"."casted" = $2[0m  [["booth_name", "S.B.T.S Mpl. .P. Sch Ool,Mandapeta"], ["casted", false]]
  ↳ app/controllers/api/voters_controller.rb:105:in `filter_casted_status'
  [1m[36mVoter Load (0.3ms)[0m  [1m[34mSELECT "voters".* FROM "voters" WHERE "voters"."booth_name" = $1 AND "voters"."casted" = $2 ORDER BY "voters"."id" ASC LIMIT $3 OFFSET $4[0m  [["booth_name", "S.B.T.S Mpl. .P. Sch Ool,Mandapeta"], ["casted", false], ["LIMIT", 3], ["OFFSET", 0]]
  ↳ app/controllers/api/voters_controller.rb:107:in `filter_casted_status'
Completed 200 OK in 10ms (Views: 2.6ms | ActiveRecord: 1.2ms | Allocations: 2981)


Started PUT "/api/voters/9389" for ::1 at 2024-07-12 19:01:51 +0530
Processing by Api::VotersController#update as JSON
  Parameters: {"voter"=>{"voter_name"=>"RAMANA PILLI", "age"=>40, "gender"=>"MALE", "house_number"=>"5-12-9/1", "booth_name"=>"S.B.T.S Mpl. .P. Sch Ool,Mandapeta", "casted"=>true, "party"=>"YSRCP", "figured_by"=>"test"}, "id"=>"9389"}
Can't verify CSRF token authenticity.
  [1m[36mUser Load (0.5ms)[0m  [1m[34mSELECT "users".* FROM "users" WHERE "users"."id" = $1 LIMIT $2[0m  [["id", 15], ["LIMIT", 1]]
  ↳ app/controllers/application_controller.rb:34:in `authorize_request'
  [1m[36mVoter Load (1.0ms)[0m  [1m[34mSELECT "voters".* FROM "voters" WHERE "voters"."id" = $1 LIMIT $2[0m  [["id", 9389], ["LIMIT", 1]]
  [1m[36mCACHE Voter Load (0.1ms)[0m  [1m[34mSELECT "voters".* FROM "voters" WHERE "voters"."id" = $1 LIMIT $2[0m  [["id", 9389], ["LIMIT", 1]]
  ↳ app/controllers/api/voters_controller.rb:73:in `update'
  [1m[36mTRANSACTION (0.3ms)[0m  [1m[35mBEGIN[0m
  ↳ app/controllers/api/voters_controller.rb:74:in `update'
  [1m[36mVoter Update (5.0ms)[0m  [1m[33mUPDATE "voters" SET "casted" = $1, "figured_by" = $2, "updated_at" = $3, "party" = $4 WHERE "voters"."id" = $5[0m  [["casted", true], ["figured_by", "test"], ["updated_at", "2024-07-12 13:31:51.592948"], ["party", "YSRCP"], ["id", 9389]]
  ↳ app/controllers/api/voters_controller.rb:74:in `update'
  [1m[36mTRANSACTION (1.7ms)[0m  [1m[35mCOMMIT[0m
  ↳ app/controllers/api/voters_controller.rb:74:in `update'
Completed 200 OK in 48ms (Views: 0.5ms | ActiveRecord: 8.3ms | Allocations: 5272)


Started GET "/VolunteerData" for ::1 at 2024-07-12 19:01:54 +0530
Processing by HomeController#index as HTML
  Parameters: {"path"=>"VolunteerData"}
  Rendering home/index.html.erb
  Rendered home/index.html.erb (Duration: 3.7ms | Allocations: 1071)
Completed 200 OK in 8ms (Views: 7.0ms | ActiveRecord: 0.0ms | Allocations: 1393)


Started GET "/favicon.ico" for ::1 at 2024-07-12 19:01:54 +0530
Processing by HomeController#index as */*
  Parameters: {"path"=>"favicon"}
  Rendering home/index.html.erb
  Rendered home/index.html.erb (Duration: 1.1ms | Allocations: 1071)
Completed 200 OK in 2ms (Views: 1.6ms | ActiveRecord: 0.0ms | Allocations: 1396)


Started GET "/favicon.ico" for ::1 at 2024-07-12 19:01:57 +0530
Processing by HomeController#index as */*
  Parameters: {"path"=>"favicon"}
  Rendering home/index.html.erb
  Rendered home/index.html.erb (Duration: 1.9ms | Allocations: 1071)
Completed 200 OK in 3ms (Views: 2.9ms | ActiveRecord: 0.0ms | Allocations: 1396)


Started POST "/api/auth/login" for ::1 at 2024-07-12 19:02:02 +0530
Processing by Api::AuthenticationController#login as JSON
  Parameters: {"email"=>"m@gmail.com", "password"=>"[FILTERED]"}
Can't verify CSRF token authenticity.
  [1m[36mUser Load (0.8ms)[0m  [1m[34mSELECT "users".* FROM "users" WHERE "users"."email" = $1 LIMIT $2[0m  [["email", "m@gmail.com"], ["LIMIT", 1]]
  ↳ app/controllers/api/authentication_controller.rb:6:in `login'
Completed 200 OK in 264ms (Views: 0.3ms | ActiveRecord: 0.7ms | Allocations: 819)


Started GET "/favicon.ico" for ::1 at 2024-07-12 19:02:03 +0530
Processing by HomeController#index as */*
  Parameters: {"path"=>"favicon"}
  Rendering home/index.html.erb
  Rendered home/index.html.erb (Duration: 1.5ms | Allocations: 1071)
Completed 200 OK in 3ms (Views: 2.3ms | ActiveRecord: 0.0ms | Allocations: 1396)


Started GET "/api/voters/search_by_booth_name?booth_name=m" for ::1 at 2024-07-12 19:02:05 +0530
Processing by Api::VotersController#search_by_booth_name as JSON
  Parameters: {"booth_name"=>"m"}
  [1m[36mUser Load (0.1ms)[0m  [1m[34mSELECT "users".* FROM "users" WHERE "users"."id" = $1 LIMIT $2[0m  [["id", 14], ["LIMIT", 1]]
  ↳ app/controllers/application_controller.rb:34:in `authorize_request'
  [1m[36mVoter Pluck (1.7ms)[0m  [1m[34mSELECT DISTINCT "voters"."booth_name" FROM "voters" WHERE (Lower(booth_name) LIKE '%m%')[0m
  ↳ app/controllers/api/voters_controller.rb:67:in `search_by_booth_name'
Completed 200 OK in 8ms (Views: 0.4ms | ActiveRecord: 1.8ms | Allocations: 1792)


Started GET "/api/voters?booth_name=m&page=1" for ::1 at 2024-07-12 19:02:05 +0530
Processing by Api::VotersController#index as JSON
  Parameters: {"booth_name"=>"m", "page"=>"1"}
  [1m[36mUser Load (0.2ms)[0m  [1m[34mSELECT "users".* FROM "users" WHERE "users"."id" = $1 LIMIT $2[0m  [["id", 14], ["LIMIT", 1]]
  ↳ app/controllers/application_controller.rb:34:in `authorize_request'
  [1m[36mVoter Count (0.6ms)[0m  [1m[34mSELECT COUNT(*) FROM "voters" WHERE "voters"."booth_name" = $1[0m  [["booth_name", "m"]]
  ↳ app/controllers/api/voters_controller.rb:18:in `index'
  [1m[36mCACHE Voter Count (0.0ms)[0m  [1m[34mSELECT COUNT(*) FROM "voters" WHERE "voters"."booth_name" = $1[0m  [["booth_name", "m"]]
  ↳ app/controllers/api/voters_controller.rb:20:in `index'
  [1m[36mVoter Load (1.6ms)[0m  [1m[34mSELECT "voters".* FROM "voters" WHERE "voters"."booth_name" = $1 ORDER BY "voters"."id" ASC LIMIT $2 OFFSET $3[0m  [["booth_name", "m"], ["LIMIT", 5], ["OFFSET", 0]]
  ↳ app/controllers/api/voters_controller.rb:21:in `index'
Completed 200 OK in 11ms (Views: 2.3ms | ActiveRecord: 2.4ms | Allocations: 3212)


Started GET "/api/voters?booth_name=S.B.T.S%20Mpl.%20.P.%20Sch%20Ool,Mandapeta&page=1" for ::1 at 2024-07-12 19:02:06 +0530
Processing by Api::VotersController#index as JSON
  Parameters: {"booth_name"=>"S.B.T.S Mpl. .P. Sch Ool,Mandapeta", "page"=>"1"}
  [1m[36mUser Load (0.2ms)[0m  [1m[34mSELECT "users".* FROM "users" WHERE "users"."id" = $1 LIMIT $2[0m  [["id", 14], ["LIMIT", 1]]
  ↳ app/controllers/application_controller.rb:34:in `authorize_request'
  [1m[36mVoter Count (0.5ms)[0m  [1m[34mSELECT COUNT(*) FROM "voters" WHERE "voters"."booth_name" = $1[0m  [["booth_name", "S.B.T.S Mpl. .P. Sch Ool,Mandapeta"]]
  ↳ app/controllers/api/voters_controller.rb:18:in `index'
  [1m[36mCACHE Voter Count (0.0ms)[0m  [1m[34mSELECT COUNT(*) FROM "voters" WHERE "voters"."booth_name" = $1[0m  [["booth_name", "S.B.T.S Mpl. .P. Sch Ool,Mandapeta"]]
  ↳ app/controllers/api/voters_controller.rb:20:in `index'
  [1m[36mVoter Load (0.2ms)[0m  [1m[34mSELECT "voters".* FROM "voters" WHERE "voters"."booth_name" = $1 ORDER BY "voters"."id" ASC LIMIT $2 OFFSET $3[0m  [["booth_name", "S.B.T.S Mpl. .P. Sch Ool,Mandapeta"], ["LIMIT", 5], ["OFFSET", 0]]
  ↳ app/controllers/api/voters_controller.rb:21:in `index'
Completed 200 OK in 8ms (Views: 2.3ms | ActiveRecord: 0.9ms | Allocations: 3567)


